ZaraApp/app/build/intermediates/manifest_merge_blame_file/debug/manifest-merger-blame-debug-report.txt
1<?xml version="1.0" encoding="utf-8"?>
2<manifest xmlns:android="http://schemas.android.com/apk/res/android"
3    package="com.example.zyra"
4    android:versionCode="1"
5    android:versionName="1.0" >
6
7    <uses-sdk
8        android:minSdkVersion="21"
8-->src/main/AndroidManifest.xml
9        android:targetSdkVersion="29" />
9-->src/main/AndroidManifest.xml
10
11    <uses-permission android:name="android.permission.INTERNET" />
11-->src/main/AndroidManifest.xml:5:5-67
11-->src/main/AndroidManifest.xml:5:22-64
12
13    <application
13-->src/main/AndroidManifest.xml:7:5-33:19
14        android:allowBackup="true"
14-->src/main/AndroidManifest.xml:8:9-35
15        android:appComponentFactory="androidx.core.app.CoreComponentFactory"
15-->[androidx.core:core:1.1.0] AndroidManifest.xml:24:18-86
16        android:debuggable="true"
17        android:icon="@mipmap/ic_launcher"
17-->src/main/AndroidManifest.xml:9:9-43
18        android:label="@string/app_name"
18-->src/main/AndroidManifest.xml:10:9-41
19        android:networkSecurityConfig="@xml/network_security_config"
19-->src/main/AndroidManifest.xml:11:9-69
20        android:roundIcon="@mipmap/ic_launcher_round"
20-->src/main/AndroidManifest.xml:12:9-54
21        android:supportsRtl="true"
21-->src/main/AndroidManifest.xml:13:9-35
22        android:testOnly="true"
23        android:theme="@style/AppTheme"
23-->src/main/AndroidManifest.xml:14:9-40
24        android:usesCleartextTraffic="true" >
24-->src/main/AndroidManifest.xml:15:9-44
25        <activity
25-->src/main/AndroidManifest.xml:16:9-17:58
26            android:name="com.example.zyra.EditPlantActivity"
26-->src/main/AndroidManifest.xml:16:19-52
27            android:parentActivityName="com.example.zyra.MainActivity" />
27-->src/main/AndroidManifest.xml:17:13-55
28        <activity
28-->src/main/AndroidManifest.xml:18:9-19:58
29            android:name="com.example.zyra.NewPlantActivity"
29-->src/main/AndroidManifest.xml:18:19-51
30            android:parentActivityName="com.example.zyra.MainActivity" />
30-->src/main/AndroidManifest.xml:19:13-55
31        <activity android:name="com.example.zyra.SignupActivity" />
31-->src/main/AndroidManifest.xml:20:9-52
31-->src/main/AndroidManifest.xml:20:19-49
32        <activity android:name="com.example.zyra.MainActivity" />
32-->src/main/AndroidManifest.xml:21:9-50
32-->src/main/AndroidManifest.xml:21:19-47
33        <activity android:name="com.example.zyra.LoginActivity" >
33-->src/main/AndroidManifest.xml:22:9-28:20
33-->src/main/AndroidManifest.xml:22:19-48
34            <intent-filter>
34-->src/main/AndroidManifest.xml:23:13-27:29
35                <action android:name="android.intent.action.MAIN" />
35-->src/main/AndroidManifest.xml:24:17-69
35-->src/main/AndroidManifest.xml:24:25-66
36
37                <category android:name="android.intent.category.LAUNCHER" />
37-->src/main/AndroidManifest.xml:26:17-77
37-->src/main/AndroidManifest.xml:26:27-74
38            </intent-filter>
39        </activity>
40
41        <uses-library
41-->src/main/AndroidManifest.xml:30:9-32:40
42            android:name="org.apache.http.legacy"
42-->src/main/AndroidManifest.xml:31:13-50
43            android:required="false" />
43-->src/main/AndroidManifest.xml:32:13-37
44    </application>
45
46</manifest>